<?xml version = '1.0' encoding = 'ISO-8859-1' ?>
<XMI xmi.version = '1.2' xmlns:UML = 'org.omg.xmi.namespace.UML' timestamp = 'Mon Sep 08 16:14:52 CEST 2003'>
  <XMI.header>
    <XMI.documentation>
      <XMI.exporter>Netbeans XMI Writer</XMI.exporter>
      <XMI.exporterVersion>1.0</XMI.exporterVersion>
    </XMI.documentation>
  </XMI.header>
  <XMI.content>
    <UML:Model xmi.id = 'a1' name = 'test' visibility = 'public' isSpecification = 'false'
      isRoot = 'false' isLeaf = 'false' isAbstract = 'false'>
      <UML:ModelElement.taggedValue>
        <UML:TaggedValue xmi.id = 'a2' tag = 'RationalRose:Tool#1' value = 'MOF'/>
      </UML:ModelElement.taggedValue>
      <UML:Namespace.ownedElement>
        <UML:Package xmi.id = 'a3' name = 'Model' visibility = 'public' isSpecification = 'false'
          isRoot = 'false' isLeaf = 'false' isAbstract = 'false'>
          <UML:Namespace.ownedElement>
            <UML:Class xmi.id = 'a4' name = 'A' visibility = 'public' isSpecification = 'false'
              isRoot = 'true' isLeaf = 'false' isAbstract = 'false' isActive = 'false'>
              <UML:ModelElement.taggedValue>
                <UML:TaggedValue xmi.id = 'a5' tag = 'persistence' value = 'transient'/>
              </UML:ModelElement.taggedValue>
              <UML:GeneralizableElement.specialization>
                <UML:Generalization xmi.idref = 'a6'/>
                <UML:Generalization xmi.idref = 'a7'/>
              </UML:GeneralizableElement.specialization>
              <UML:Classifier.feature>
                <UML:Attribute xmi.id = 'a8' name = 'attaPriv' visibility = 'private' isSpecification = 'false'
                  ownerScope = 'instance' changeability = 'changeable' targetScope = 'instance'>
                  <UML:StructuralFeature.multiplicity>
                    <UML:Multiplicity xmi.id = 'a9'>
                      <UML:Multiplicity.range>
                        <UML:MultiplicityRange xmi.id = 'a10' lower = '1' upper = '1'/>
                      </UML:Multiplicity.range>
                    </UML:Multiplicity>
                  </UML:StructuralFeature.multiplicity>
                  <UML:Attribute.initialValue>
                    <UML:Expression xmi.id = 'a11' language = '' body = ''/>
                  </UML:Attribute.initialValue>
                  <UML:StructuralFeature.type>
                    <UML:DataType xmi.idref = 'a12'/>
                  </UML:StructuralFeature.type>
                </UML:Attribute>
                <UML:Attribute xmi.id = 'a13' name = 'attaProt' visibility = 'private' isSpecification = 'false'
                  ownerScope = 'instance' changeability = 'changeable' targetScope = 'instance'>
                  <UML:StructuralFeature.multiplicity>
                    <UML:Multiplicity xmi.id = 'a14'>
                      <UML:Multiplicity.range>
                        <UML:MultiplicityRange xmi.id = 'a15' lower = '1' upper = '1'/>
                      </UML:Multiplicity.range>
                    </UML:Multiplicity>
                  </UML:StructuralFeature.multiplicity>
                  <UML:Attribute.initialValue>
                    <UML:Expression xmi.id = 'a16' language = '' body = ''/>
                  </UML:Attribute.initialValue>
                  <UML:StructuralFeature.type>
                    <UML:DataType xmi.idref = 'a17'/>
                  </UML:StructuralFeature.type>
                </UML:Attribute>
                <UML:Attribute xmi.id = 'a18' name = 'attaPub' visibility = 'private' isSpecification = 'false'
                  ownerScope = 'instance' changeability = 'changeable' targetScope = 'instance'>
                  <UML:StructuralFeature.multiplicity>
                    <UML:Multiplicity xmi.id = 'a19'>
                      <UML:Multiplicity.range>
                        <UML:MultiplicityRange xmi.id = 'a20' lower = '1' upper = '1'/>
                      </UML:Multiplicity.range>
                    </UML:Multiplicity>
                  </UML:StructuralFeature.multiplicity>
                  <UML:Attribute.initialValue>
                    <UML:Expression xmi.id = 'a21' language = '' body = ''/>
                  </UML:Attribute.initialValue>
                  <UML:StructuralFeature.type>
                    <UML:DataType xmi.idref = 'a22'/>
                  </UML:StructuralFeature.type>
                </UML:Attribute>
                <UML:Operation xmi.id = 'a23' name = 'op' visibility = 'public' isSpecification = 'false'
                  ownerScope = 'instance' isQuery = 'false' concurrency = 'sequential' isRoot = 'false'
                  isLeaf = 'false' isAbstract = 'false' specification = ''>
                  <UML:BehavioralFeature.parameter>
                    <UML:Parameter xmi.id = 'a24' name = 'ain' visibility = 'public' isSpecification = 'false'
                      kind = 'inout'>
                      <UML:Parameter.defaultValue>
                        <UML:Expression xmi.id = 'a25' language = '' body = ''/>
                      </UML:Parameter.defaultValue>
                      <UML:Parameter.type>
                        <UML:Class xmi.idref = 'a4'/>
                      </UML:Parameter.type>
                    </UML:Parameter>
                    <UML:Parameter xmi.id = 'a26' name = 'binmul' visibility = 'public' isSpecification = 'false'
                      kind = 'inout'>
                      <UML:Parameter.defaultValue>
                        <UML:Expression xmi.id = 'a27' language = '' body = ''/>
                      </UML:Parameter.defaultValue>
                      <UML:ModelElement.taggedValue>
                        <UML:TaggedValue xmi.id = 'a28' tag = 'RationalRose$MOF:uml2mof.multiplicity'
                          value = '0..*'/>
                      </UML:ModelElement.taggedValue>
                      <UML:Parameter.type>
                        <UML:Class xmi.idref = 'a29'/>
                      </UML:Parameter.type>
                    </UML:Parameter>
                    <UML:Parameter xmi.id = 'a30' name = 'cinout' visibility = 'public' isSpecification = 'false'
                      kind = 'inout'>
                      <UML:Parameter.defaultValue>
                        <UML:Expression xmi.id = 'a31' language = '' body = ''/>
                      </UML:Parameter.defaultValue>
                      <UML:ModelElement.taggedValue>
                        <UML:TaggedValue xmi.id = 'a32' tag = 'RationalRose$MOF:rose2mof.direction'
                          value = 'inout_dir'/>
                      </UML:ModelElement.taggedValue>
                      <UML:Parameter.type>
                        <UML:Class xmi.idref = 'a33'/>
                      </UML:Parameter.type>
                    </UML:Parameter>
                    <UML:Parameter xmi.id = 'a34' name = 'dinoutmul' visibility = 'public' isSpecification = 'false'
                      kind = 'inout'>
                      <UML:Parameter.defaultValue>
                        <UML:Expression xmi.id = 'a35' language = '' body = ''/>
                      </UML:Parameter.defaultValue>
                      <UML:ModelElement.taggedValue>
                        <UML:TaggedValue xmi.id = 'a36' tag = 'RationalRose$MOF:rose2mof.direction'
                          value = 'inout_dir'/>
                        <UML:TaggedValue xmi.id = 'a37' tag = 'RationalRose$MOF:uml2mof.multiplicity'
                          value = '0..*'/>
                      </UML:ModelElement.taggedValue>
                      <UML:Parameter.type>
                        <UML:Class xmi.idref = 'a38'/>
                      </UML:Parameter.type>
                    </UML:Parameter>
                    <UML:Parameter xmi.id = 'a39' name = 'aout' visibility = 'public' isSpecification = 'false'
                      kind = 'inout'>
                      <UML:Parameter.defaultValue>
                        <UML:Expression xmi.id = 'a40' language = '' body = ''/>
                      </UML:Parameter.defaultValue>
                      <UML:M