<?xml version = '1.0' encoding = 'ISO-8859-1' ?>
<XMI xmi.version = '1.2' xmlns:UML = 'org.omg.xmi.namespace.UML' timestamp = 'Thu Sep 30 17:12:51 CEST 2004'>
  <XMI.header>
    <XMI.documentation>
      <XMI.exporter>Netbeans XMI Writer</XMI.exporter>
      <XMI.exporterVersion>1.0</XMI.exporterVersion>
    </XMI.documentation>
  </XMI.header>
  <XMI.content>
    <UML:Model xmi.id = 'a1' name = 'test' visibility = 'public' isSpecification = 'false'
      isRoot = 'false' isLeaf = 'false' isAbstract = 'false'>
      <UML:ModelElement.taggedValue>
        <UML:TaggedValue xmi.id = 'a2' tag = 'RationalRose:Tool#1' value = 'MOF'/>
      </UML:ModelElement.taggedValue>
      <UML:Namespace.ownedElement>
        <UML:Package xmi.id = 'a3' name = 'Model' visibility = 'public' isSpecification = 'false'
          isRoot = 'false' isLeaf = 'false' isAbstract = 'false'>
          <UML:Namespace.ownedElement>
            <UML:Class xmi.id = 'a4' name = 'A' visibility = 'public' isSpecification = 'false'
              isRoot = 'true' isLeaf = 'false' isAbstract = 'false' isActive = 'false'>
              <UML:ModelElement.taggedValue>
                <UML:TaggedValue xmi.id = 'a5' tag = 'persistence' value = 'transient'/>
              </UML:ModelElement.taggedValue>
              <UML:GeneralizableElement.specialization>
                <UML:Generalization xmi.idref = 'a6'/>
                <UML:Generalization xmi.idref = 'a7'/>
              </UML:GeneralizableElement.specialization>
              <UML:Classifier.feature>
                <UML:Attribute xmi.id = 'a8' name = 'attaPriv' visibility = 'private' isSpecification = 'false'
                  ownerScope = 'instance' changeability = 'changeable' targetScope = 'instance'>
                  <UML:StructuralFeature.multiplicity>
                    <UML:Multiplicity xmi.id = 'a9'>
                      <UML:Multiplicity.range>
                        <UML:MultiplicityRange xmi.id = 'a10' lower = '1' upper = '1'/>
                      </UML:Multiplicity.range>
                    </UML:Multiplicity>
                  </UML:StructuralFeature.multiplicity>
                  <UML:Attribute.initialValue>
                    <UML:Expression xmi.id = 'a11' language = '' body = ''/>
                  </UML:Attribute.initialValue>
                  <UML:StructuralFeature.type>
                    <UML:DataType xmi.idref = 'a12'/>
                  </UML:StructuralFeature.type>
                </UML:Attribute>
                <UML:Attribute xmi.id = 'a13' name = 'attaProt' visibility = 'private' isSpecification = 'false'
                  ownerScope = 'instance' changeability = 'changeable' targetScope = 'instance'>
                  <UML:StructuralFeature.multiplicity>
                    <UML:Multiplicity xmi.id = 'a14'>
                      <UML:Multiplicity.range>
                        <UML:MultiplicityRange xmi.id = 'a15' lower = '1' upper = '1'/>
                      </UML:Multiplicity.range>
                    </UML:Multiplicity>
                  </UML:StructuralFeature.multiplicity>
                  <UML:Attribute.initialValue>
                    <UML:Expression xmi.id = 'a16' language = '' body = ''/>
                  </UML:Attribute.initialValue>
                  <UML:StructuralFeature.type>
                    <UML:DataType xmi.idref = 'a17'/>
                  </UML:StructuralFeature.type>
                </UML:Attribute>
                <UML:Attribute xmi.id = 'a18' name = 'attaPub' visibility = 'private' isSpecification = 'false'
                  ownerScope = 'instance' changeability = 'changeable' targetScope = 'instance'>
                  <UML:StructuralFeature.multiplicity>
                    <UML:Multiplicity xmi.id = 'a19'>
                      <UML:Multiplicity.range>
                        <UML:MultiplicityRange xmi.id = 'a20' lower = '1' upper = '1'/>
                      </UML:Multiplicity.range>
                    </UML:Multiplicity>
                  </UML:StructuralFeature.multiplicity>
                  <UML:Attribute.initialValue>
                    <UML:Expression xmi.id = 'a21' language = '' body = ''/>
                  </UML:Attribute.initialValue>
                  <UML:StructuralFeature.type>
                    <UML:DataType xmi.idref = 'a22'/>
                  </UML:StructuralFeature.type>
                </UML:Attribute>
                <UML:Operation xmi.id = 'a23' name = 'op' visibility = 'public' isSpecification = 'false'
                  ownerScope = 'instance' isQuery = 'false' concurrency = 'sequential' isRoot = 'false'
                  isLeaf = 'false' isAbstract = 'false' specification = ''>
                  <UML:BehavioralFeature.parameter>
                    <UML:Parameter xmi.id = 'a24' name = 'ain' visibility = 'public' isSpecification = 'false'
                      kind = 'inout'>
                      <UML:Parameter.defaultValue>
                        <UML:Expression xmi.id = 'a25' language = '' body = ''/>
                      </UML:Parameter.defaultValue>
                      <UML:Parameter.type>
                        <UML:Class xmi.idref = 'a4'/>
                      </UML:Parameter.type>
                    </UML:Parameter>
                    <UML:Parameter xmi.id = 'a26' name = 'binmul' visibility = 'public' isSpecification = 'false'
                      kind = 'inout'>
                      <UML:Parameter.defaultValue>
                        <UML:Expression xmi.id = 'a27' language = '' body = ''/>
                      </UML:Parameter.defaultValue>
                      <UML:ModelElement.taggedValue>
                        <UML:TaggedValue xmi.id = 'a28' tag = 'RationalRose$MOF:uml2mof.multiplicity'
                          value = '0..*'/>
                      </UML:ModelElement.taggedValue>
                      <UML:Parameter.type>
                        <UML:Class xmi.idref = 'a29'/>
                      </UML:Parameter.type>
                    </UML:Parameter>
                    <UML:Parameter xmi.id = 'a30' name = 'cinout' visibility = 'public' isSpecification = 'false'
                      kind = 'inout'>
                      <UML:Parameter.defaultValue>
                        <UML:Expression xmi.id = 'a31' language = '' body = ''/>
                      </UML:Parameter.defaultValue>
                      <UML:ModelElement.taggedValue>
                        <UML:TaggedValue xmi.id = 'a32' tag = 'RationalRose$MOF:rose2mof.direction'
                          value = 'inout_dir'/>
                      </UML:ModelElement.taggedValue>
                      <UML:Parameter.type>
                        <UML:Class xmi.idref = 'a33'/>
                      </UML:Parameter.type>
                    </UML:Parameter>
                    <UML:Parameter xmi.id = 'a34' name = 'dinoutmul' visibility = 'public' isSpecification = 'false'
                      kind = 'inout'>
                      <UML:Parameter.defaultValue>
                        <UML:Expression xmi.id = 'a35' language = '' body = ''/>
                      </UML:Parameter.defaultValue>
                      <UML:ModelElement.taggedValue>
                        <UML:TaggedValue xmi.id = 'a36' tag = 'RationalRose$MOF:rose2mof.direction'
                          value = 'inout_dir'/>
                        <UML:TaggedValue xmi.id = 'a37' tag = 'RationalRose$MOF:uml2mof.multiplicity'
                          value = '0..*'/>
                      </UML:ModelElement.taggedValue>
                      <UML:Parameter.type>
                        <UML:Class xmi.idref = 'a38'/>
                      </UML:Parameter.type>
                    </UML:Parameter>
                    <UML:Parameter xmi.id = 'a39' name = 'aout' visibility = 'public' isSpecification = 'false'
                      kind = 'inout'>
                      <UML:Parameter.defaultValue>
                        <UML:Expression xmi.id = 'a40' language = '' body = ''/>
                      </UML:Parameter.defaultValue>
                      <UML:ModelElement.taggedValue>
                        <UML:TaggedValue xmi.id = 'a41' tag = 'RationalRose$MOF:rose2mof.direction'
                          value = 'out_dir'/>
                      </UML:ModelElement.taggedValue>
                      <UML:Parameter.type>
                        <UML:Class xmi.idref = 'a4'/>
                      </UML:Parameter.type>
                    </UML:Parameter>
                    <UML:Parameter xmi.id = 'a42' name = 'pt' visibility = 'public' isSpecification = 'false'
                      kind = 'inout'>
                      <UML:Parameter.defaultValue>
                        <UML:Expression xmi.id = 'a43' language = '' body = ''/>
                      </UML:Parameter.defaultValue>
                      <UML:Parameter.type>
                        <UML:DataType xmi.idref = 'a22'/>
                      </UML:Parameter.type>
                    </UML:Parameter>
                    <UML:Parameter xmi.id = 'a44' name = 'ptmul' visibility = 'public' isSpecification = 'false'
                      kind = 'inout'>
                      <UML:Parameter.defaultValue>
                        <UML:Expression xmi.id = 'a45' language = '' body = ''/>
                      </UML:Parameter.defaultValue>
                      <UML:ModelElement.taggedValue>
                        <UML:TaggedValue xmi.id = 'a46' tag = 'RationalRose$MOF:uml2mof.multiplicity'
                          value = '0..*'/>
                      </UML:ModelElement.taggedValue>
                      <UML:Parameter.type>
                        <UML:DataType xmi.idref = 'a22'/>
                      </UML:Parameter.type>
                    </UML:Parameter>
                    <UML:Parameter xmi.id = 'a47' name = 'ptinout' visibility = 'public' isSpecification = 'false'
                      kind = 'inout'>
                      <UML:Parameter.defaultValue>
                        <UML:Expression xmi.id = 'a48' language = '' body = ''/>
                      </UML:Parameter.defaultValue>
                      <UML:ModelElement.taggedValue>
                        <UML:TaggedValue xmi.id = 'a49' tag = 'RationalRose$MOF:rose2mof.direction'
                          value = 'inout_dir'/>
                      </UML:ModelElement.taggedValue>
                      <UML:Parameter.type>
                        <UML:DataType xmi.idref = 'a22'/>
                      </UML:Parameter.type>
                    </UML:Parameter>
                    <UML:Parameter xmi.id = 'a50' name = 'ptinoutmult' visibility = 'public'
                      isSpecification = 'false' kind = 'inout'>
                      <UML:Parameter.defaultValue>
                        <UML:Expression xmi.id = 'a51' language = '' body = ''/>
                      </UML:Parameter.defaultValue>
                      <UML:ModelElement.taggedValue>
                        <UML:TaggedValue xmi.id = 'a52' tag = 'RationalRose$MOF:uml2mof.multiplicity'
                          value = '0..*'/>
                        <UML:TaggedValue xmi.id = 'a53' tag = 'RationalRose$MOF:rose2mof.direction'
                          value = 'inout_dir'/>
                      </UML:ModelElement.taggedValue>
                      <UML:Parameter.type>
                        <UML:DataType xmi.idref = 'a22'/>
                      </UML:Parameter.type>
                    </UML:Parameter>
                    <UML:Parameter xmi.id = 'a54' name = 'enum' visibility = 'public' isSpecification = 'false'
                      kind = 'inout'>
                      <UML:Parameter.defaultValue>
                        <UML:Expression xmi.id = 'a55' language = '' body = ''/>
                      </UML:Parameter.defaultValue>
                      <UML:Parameter.type>
                        <UML:Class xmi.idref = 'a56'/>
                      </UML:Parameter.type>
                    </UML:Parameter>
                    <UML:Parameter xmi.id = 'a57' name = 'enummul' visibility = 'public' isSpecification = 'false'
                      kind = 'inout'>
                      <UML:Parameter.defaultValue>
                        <UML:Expression xmi.id = 'a58' language = '' body = ''/>
                      </UML:Parameter.defaultValue>
                      <UML:ModelElement.taggedValue>
                        <UML:TaggedValue xmi.id = 'a59' tag = 'RationalRose$MOF:uml2mof.multiplicity'
                          value = '0..*'/>
                      </UML:ModelElement.taggedValue>
                      <UML:Parameter.type>
                        <UML:Class xmi.idref = 'a56'/>
                      </UML:Parameter.type>
                    </UML:Parameter>
                    <UML:Parameter xmi.id = 'a60' name = 'enumout' visibility = 'public' isSpecification = 'false'
                      kind = 'inout'>
                      <UML:Parameter.defaultValue>
                        <UML:Expression xmi.id = 'a61' language = '' body = ''/>
                      </UML:Parameter.defaultValue>
                      <UML:ModelElement.taggedValue>
                        <UML:TaggedValue xmi.id = 'a62' tag = 'RationalRose$MOF:rose2mof.direction'
                          value = 'inout_dir'/>
                      </UML:ModelElement.taggedValue>
                      <UML:Parameter.type>
                        <UML:Class xmi.idref = 'a56'/>
                      </UML:Parameter.type>
                    </UML:Parameter>
                    <UML:Parameter xmi.id = 'a63' name = 'enummulout' visibility = 'public'
                      isSpecification = 'false' kind = 'inout'>
                      <UML:Parameter.defaultValue>
                        <UML:Expression xmi.id = 'a64' language = '' body = ''/>
                      </UML:Parameter.defaultValue>
                      <UML:ModelElement.taggedValue>
                        <UML:TaggedValue xmi.id = 'a65' tag = 'RationalRose$MOF:uml2mof.multiplicity'
                          value = '0..*'/>
                        <UML:TaggedValue xmi.id = 'a66' tag = 'RationalRose$MOF:rose2mof.direction'
                          value = 'inout_dir'/>
                      </UML:ModelElement.taggedValue>
                      <UML:Parameter.type>
                        <UML:Class xmi.idref = 'a56'/>
                      </UML:Parameter.type>
                    </UML:Parameter>
                    <UML:Parameter xmi.id = 'a67' name = 'op.Return' visibility = 'public' isSpecification = 'false'
                      kind = 'return'>
                      <UML:Parameter.type>
                        <UML:DataType xmi.idref = 'a22'/>
                      </UML:Parameter.type>
                    </UML:Parameter>
                  </UML:BehavioralFeature.parameter>
                </UML:Operation>
              </UML:Classifier.feature>
            </UML:Class>
            <UML:Class xmi.id = 'a29' name = 'B' visibility = 'public' isSpecification = 'false'
              isRoot = 'true' isLeaf = 'false' isAbstract = 'false' isActive = 'false'>
              <UML:ModelElement.taggedValue>
                <UML:TaggedValue xmi.id = 'a68' tag = 'persistence' value = 'transient'/>
              </UML:ModelElement.taggedValue>
              <UML:GeneralizableElement.specialization>
                <UML:Generalization xmi.idref = 'a69'/>
                <UML:Generalization xmi.idref = 'a70'/>
              </UML:GeneralizableElement.specialization>
            </UML:Class>
            <UML:Class xmi.id = 'a33' name = 'C' visibility = 'public' isSpecification = 'false'
              isRoot = 'false' isLeaf = 'true' isAbstract = 'false' isActive = 'false'>
              <UML:ModelElement.taggedValue>
                <UML:TaggedValue xmi.id = 'a71' tag = 'persistence' value = 'transient'/>
              </UML:ModelElement.taggedValue>
              <UML:GeneralizableElement.generalization>
                <UML:Generalization xmi.idref = 'a6'/>
                <UML:Generalization xmi.idref = 'a69'/>
              </UML:GeneralizableElement.generalization>
              <UML:Namespace.ownedElement>
                <UML:Generalization xmi.id = 'a6' name = '' visibility = 'public' isSpecification = 'false'
                  discriminator = ''>
                  <UML:Generalization.child>
                    <UML:Class xmi.idref = 'a33'/>
                  </UML:Generalization.child>
                  <UML:Generalization.parent>
                    <UML:Class xmi.idref = 'a4'/>
                  </UML:Generalization.parent>
                </UML:Generalization>
                <UML:Generalization xmi.id = 'a69' name = '' visibility = 'public' isSpecification = 'false'
                  discriminator = ''>
                  <UML:Generalization.child>
                    <UML:Class xmi.idref = 'a33'/>
                  </UML:Generalization.child>
                  <UML:Generalization.parent>
                    <UML:Class xmi.idref = 'a29'/>
                  </UML:Generalization.parent>
                </UML:Generalization>
              </UML:Namespace.ownedElement>
            </UML:Class>
            <UML:Class xmi.id = 'a38' name = 'D' visibility = 'public' isSpecification = 'false'
              isRoot = 'false' isLeaf = 'true' isAbstract = 'false' isActive = 'false'>
              <UML:ModelElement.taggedValue>
                <UML:TaggedValue xmi.id = 'a72' tag = 'persistence' value = 'transient'/>
              </UML:ModelElement.taggedValue>
              <UML:GeneralizableElement.generalization>
                <UML:Generalization xmi.idref = 'a7'/>
                <UML:Generalization xmi.idref = 'a70'/>
              </UML:GeneralizableElement.generalization>
              <UML:Namespace.ownedElement>
                <UML:Generalization xmi.id = 'a7' name = '' visibility = 'public' isSpecification = 'false'
                  discriminator = ''>
                  <UML:Generalization.child>
                    <UML:Class xmi.idref = 'a38'/>
                  </UML:Generalization.child>
                  <UML:Generalization.parent>
                    <UML:Class xmi.idref = 'a4'/>
                  </UML:Generalization.parent>
                </UML:Generalization>
                <UML:Generalization xmi.id = 'a70' name = '' visibility = 'public' isSpecification = 'false'
                  discriminator = ''>
                  <UML:Generalization.child>
                    <UML:Class xmi.idref = 'a38'/>
                  </UML:Generalization.child>
                  <UML:Generalization.parent>
                    <UML:Class xmi.idref = 'a29'/>
                  </UML:Generalization.parent>
                </UML:Generalization>
              </UML:Namespace.ownedElement>
            </UML:Class>
            <UML:DataType xmi.id = 'a22' name = 'Boolean' visibility = 'public' isSpecification = 'false'
              isRoot = 'true' isLeaf = 'true' isAbstract = 'false'>
              <UML:ModelElement.taggedValue>
                <UML:TaggedValue xmi.id = 'a73' tag = 'persistence' value = 'transient'/>
              </UML:ModelElement.taggedValue>
            </UML:DataType>
            <UML:Class xmi.id = 'a56' name = 'Enum' visibility = 'public' isSpecification = 'false'
              isRoot = 'true' isLeaf = 'true' isAbstract = 'false' isActive = 'false'>
              <UML:ModelElement.taggedValue>
                <UML:TaggedValue xmi.id = 'a74' tag = 'persistence' value = 'transient'/>
              </UML:ModelElement.taggedValue>
              <UML:Classifier.feature>
                <UML:Attribute xmi.id = 'a75' name = 'e1' visibility = 'private' isSpecification = 'false'
                  ownerScope = 'instance' changeability = 'changeable' targetScope = 'instance'>
                  <UML:StructuralFeature.multiplicity>
                    <UML:Multiplicity xmi.id = 'a76'>
                      <UML:Multiplicity.range>
                        <UML:MultiplicityRange xmi.id = 'a77' lower = '1' upper = '1'/>
                      </UML:Multiplicity.range>
                    </UML:Multiplicity>
                  </UML:StructuralFeature.multiplicity>
                  <UML:Attribute.initialValue>
                    <UML:Expression xmi.id = 'a78' language = '' body = ''/>
                  </UML:Attribute.initialValue>
                  <UML:StructuralFeature.type>
                    <UML:DataType xmi.idref = 'a79'/>
                  </UML:StructuralFeature.type>
                </UML:Attribute>
                <UML:Attribute xmi.id = 'a80' name = 'e2' visibility = 'private' isSpecification = 'false'
                  ownerScope = 'instance' changeability = 'changeable' targetScope = 'instance'>
                  <UML:StructuralFeature.multiplicity>
                    <UML:Multiplicity xmi.id = 'a81'>
                      <UML:Multiplicity.range>
                        <UML:MultiplicityRange xmi.id = 'a82' lower = '1' upper = '1'/>
                      </UML:Multiplicity.range>
                    </UML:Multiplicity>
                  </UML:StructuralFeature.multiplicity>
                  <UML:Attribute.initialValue>
                    <UML:Expression xmi.id = 'a83' language = '' body = ''/>
                  </UML:Attribute.initialValue>
                  <UML:StructuralFeature.type>
                    <UML:DataType xmi.idref = 'a79'/>
                  </UML:StructuralFeature.type>
                </UML:Attribute>
                <UML:Attribute xmi.id = 'a84' name = 'e3' visibility = 'private' isSpecification = 'false'
                  ownerScope = 'instance' changeability = 'changeable' targetScope = 'instance'>
                  <UML:StructuralFeature.multiplicity>
                    <UML:Multiplicity xmi.id = 'a85'>
                      <UML:Multiplicity.range>
                        <UML:MultiplicityRange xmi.id = 'a86' lower = '1' upper = '1'/>
                      </UML:Multiplicity.range>
                    </UML:Multiplicity>
                  </UML:StructuralFeature.multiplicity>
                  <UML:Attribute.initialValue>
                    <UML:Expression xmi.id = 'a87' language = '' body = ''/>
                  </UML:Attribute.initialValue>
                  <UML:StructuralFeature.type>
                    <UML:DataType xmi.idref = 'a79'/>
                  </UML:StructuralFeature.type>
                </UML:Attribute>
              </UML:Classifier.feature>
            </UML:Class>
            <UML:DataType xmi.id = 'a17' name = 'String' visibility = 'public' isSpecification = 'false'
              isRoot = 'true' isLeaf = 'true' isAbstract = 'false'>
              <UML:ModelElement.taggedValue>
                <UML:TaggedValue xmi.id = 'a88' tag = 'persistence' value = 'transient'/>
              </UML:ModelElement.taggedValue>
            </UML:DataType>
            <UML:DataType xmi.id = 'a12' name = 'Integer' visibility = 'public' isSpecification = 'false'
              isRoot = 'true' isLeaf = 'true' isAbstract = 'false'>
              <UML:ModelElement.taggedValue>
                <UML:TaggedValue xmi.id = 'a89' tag = 'persistence' value = 'transient'/>
              </UML:ModelElement.taggedValue>
            </UML:DataType>
            <UML:Stereotype xmi.id = 'a90' name = 'metamodel' visibility = 'public'
              isSpecification = 'false' isRoot = 'false' isLeaf = 'false' isAbstract = 'false'
              icon = '' baseClass = 'Package'>
              <UML:Stereotype.extendedElement>
                <UML:Package xmi.idref = 'a3'/>
              </UML:Stereotype.extendedElement>
            </UML:Stereotype>
            <UML:Association xmi.id = 'a91' name = 'AssAB' visibility = 'public' isSpecification = 'false'
              isRoot = 'false' isLeaf = 'false' isAbstract = 'false'>
              <UML:Association.connection>
                <UML:AssociationEnd xmi.id = 'a92' name = 'b' visibility = 'public' isSpecification = 'false'
                  isNavigable = 'true' ordering = 'unordered' aggregation = 'none' targetScope = 'instance'
                  changeability = 'changeable'>
                  <UML:AssociationEnd.multiplicity>
                    <UML:Multiplicity xmi.id = 'a93'>
                      <UML:Multiplicity.range>
                        <UML:MultiplicityRange xmi.id = 'a94' lower = '0' upper = '-1'/>
                      </UML:Multiplicity.range>
                    </UML:Multiplicity>
                  </UML:AssociationEnd.multiplicity>
                  <UML:AssociationEnd.type>
                    <UML:Class xmi.idref = 'a29'/>
                  </UML:AssociationEnd.type>
                </UML:AssociationEnd>
                <UML:AssociationEnd xmi.id = 'a95' name = 'a' visibility = 'public' isSpecification = 'false'
                  isNavigable = 'true' ordering = 'unordered' aggregation = 'none' targetScope = 'classifier'
                  changeability = 'changeable'>
                  <UML:AssociationEnd.multiplicity>
                    <UML:Multiplicity xmi.id = 'a96'>
                      <UML:Multiplicity.range>
                        <UML:MultiplicityRange xmi.id = 'a97' lower = '0' upper = '1'/>
                      </UML:Multiplicity.range>
                    </UML:Multiplicity>
                  </UML:AssociationEnd.multiplicity>
                  <UML:AssociationEnd.type>
                    <UML:Class xmi.idref = 'a4'/>
                  </UML:AssociationEnd.type>
                </UML:AssociationEnd>
              </UML:Association.connection>
            </UML:Association>
            <UML:Stereotype xmi.id = 'a98' name = 'enumeration' visibility = 'public'
              isSpecification = 'false' isRoot = 'false' isLeaf = 'false' isAbstract = 'false'
              icon = '' baseClass = 'Class'>
              <UML:Stereotype.extendedElement>
                <UML:Class xmi.idref = 'a56'/>
              </UML:Stereotype.extendedElement>
            </UML:Stereotype>
          </UML:Namespace.ownedElement>
        </UML:Package>
        <UML:DataType xmi.id = 'a79' name = '&lt;undefined&gt;' visibility = 'public'
          isSpecification = 'false' isRoot = 'false' isLeaf = 'false' isAbstract = 'false'/>
      </UML:Namespace.ownedElement>
    </UML:Model>
  </XMI.content>
</XMI>
